<?xml version="1.0" encoding="UTF-8"?>
<!-- Generated by org.testng.reporters.JUnitReportReporter -->
<testsuite skipped="0" hostname="Ezequiels-MacBook-Pro.local" name="tests.ClickFirstEntry" tests="1" failures="0" timestamp="22 Mar 2018 20:56:01 GMT" time="26.765" errors="0">
  <testcase name="search" time="26.765" classname="tests.ClickFirstEntry"/>
</testsuite> <!-- tests.ClickFirstEntry -->
