<?xml version="1.0" encoding="UTF-8"?>
<!-- Generated by org.testng.reporters.JUnitReportReporter -->
<testsuite skipped="0" hostname="Ezequiels-MacBook-Pro.local" name="tests.GetTitle" tests="1" failures="0" timestamp="22 Mar 2018 20:56:01 GMT" time="14.520" errors="0">
  <testcase name="getTitle" time="14.520" classname="tests.GetTitle"/>
</testsuite> <!-- tests.GetTitle -->
