<?xml version="1.0" encoding="UTF-8"?>
<!-- Generated by org.testng.reporters.JUnitReportReporter -->
<testsuite skipped="0" hostname="Ezequiels-MacBook-Pro.local" name="ClickFirstEntry" tests="1" failures="0" timestamp="22 Mar 2018 19:49:40 GMT" time="21.555" errors="0">
  <testcase name="search" time="21.555" classname="ClickFirstEntry"/>
</testsuite> <!-- ClickFirstEntry -->
