<?xml version="1.0" encoding="UTF-8"?>
<!-- Generated by org.testng.reporters.JUnitReportReporter -->
<testsuite skipped="0" hostname="Ezequiels-MacBook-Pro.local" name="GetTitle" tests="1" failures="0" timestamp="22 Mar 2018 19:28:49 GMT" time="5.740" errors="0">
  <testcase name="getTitle" time="5.740" classname="GetTitle"/>
</testsuite> <!-- GetTitle -->
