<?xml version="1.0" encoding="UTF-8"?>
<!-- Generated by org.testng.reporters.JUnitReportReporter -->
<testsuite skipped="0" hostname="Ezequiels-MacBook-Pro.local" name="Search" tests="1" failures="0" timestamp="22 Mar 2018 19:41:14 GMT" time="7.748" errors="0">
  <testcase name="search" time="7.748" classname="Search"/>
</testsuite> <!-- Search -->
